0 info it worked if it ends with ok
1 verbose cli [ 'node', '/usr/local/bin/npm', 'install', '-g', 'dredd' ]
2 info using npm@2.6.1
3 info using node@v0.12.0
4 silly cache add args [ 'dredd', null ]
5 verbose cache add spec dredd
6 silly cache add parsed spec { raw: 'dredd',
6 silly cache add   scope: null,
6 silly cache add   name: 'dredd',
6 silly cache add   rawSpec: '',
6 silly cache add   spec: '*',
6 silly cache add   type: 'range' }
7 verbose addNamed dredd@*
8 silly addNamed semver.valid null
9 silly addNamed semver.validRange *
10 silly addNameRange { name: 'dredd', range: '*', hasData: false }
11 silly mapToRegistry name dredd
12 silly mapToRegistry using default registry
13 silly mapToRegistry registry https://registry.npmjs.org/
14 silly mapToRegistry uri https://registry.npmjs.org/dredd
15 verbose addNameRange registry:https://registry.npmjs.org/dredd not in flight; fetching
16 verbose request uri https://registry.npmjs.org/dredd
17 verbose request no auth needed
18 info attempt registry request try #1 at 9:56:17 AM
19 verbose request id 6143b9751feda093
20 verbose etag "CGD91QW2KSXJ4O7EMLQ9NK68Y"
21 http request GET https://registry.npmjs.org/dredd
22 http 304 https://registry.npmjs.org/dredd
23 silly get cb [ 304,
23 silly get   { date: 'Wed, 25 Nov 2015 17:56:17 GMT',
23 silly get     via: '1.1 varnish',
23 silly get     'cache-control': 'max-age=60',
23 silly get     etag: '"CGD91QW2KSXJ4O7EMLQ9NK68Y"',
23 silly get     age: '0',
23 silly get     connection: 'keep-alive',
23 silly get     'x-served-by': 'cache-sjc3127-SJC',
23 silly get     'x-cache': 'MISS',
23 silly get     'x-cache-hits': '0',
23 silly get     'x-timer': 'S1448474177.473517,VS0,VE88',
23 silly get     vary: 'Accept' } ]
24 verbose etag https://registry.npmjs.org/dredd from cache
25 verbose get saving dredd to /Users/Fai/.npm/registry.npmjs.org/dredd/.cache.json
26 silly addNameRange number 2 { name: 'dredd', range: '*', hasData: true }
27 silly addNameRange versions [ 'dredd',
27 silly addNameRange   [ '0.0.1',
27 silly addNameRange     '0.1.0',
27 silly addNameRange     '0.1.1',
27 silly addNameRange     '0.1.2',
27 silly addNameRange     '0.1.3',
27 silly addNameRange     '0.1.4',
27 silly addNameRange     '0.1.5',
27 silly addNameRange     '0.1.6',
27 silly addNameRange     '0.1.7',
27 silly addNameRange     '0.2.1',
27 silly addNameRange     '0.3.0',
27 silly addNameRange     '0.3.1',
27 silly addNameRange     '0.3.2',
27 silly addNameRange     '0.3.3',
27 silly addNameRange     '0.3.4',
27 silly addNameRange     '0.3.6',
27 silly addNameRange     '0.3.7',
27 silly addNameRange     '0.3.8',
27 silly addNameRange     '0.3.9',
27 silly addNameRange     '0.3.10',
27 silly addNameRange     '0.3.11',
27 silly addNameRange     '0.3.12',
27 silly addNameRange     '0.3.13',
27 silly addNameRange     '0.3.14',
27 silly addNameRange     '0.4.0',
27 silly addNameRange     '0.4.1',
27 silly addNameRange     '0.4.2',
27 silly addNameRange     '0.4.3',
27 silly addNameRange     '0.4.4',
27 silly addNameRange     '0.4.5',
27 silly addNameRange     '0.4.6',
27 silly addNameRange     '0.4.7',
27 silly addNameRange     '0.4.8',
27 silly addNameRange     '0.5.0-unstable.1',
27 silly addNameRange     '0.5.0-unstable.2',
27 silly addNameRange     '0.5.0-unstable.3',
27 silly addNameRange     '0.5.0-unstable.4',
27 silly addNameRange     '0.5.0-unstable.5',
27 silly addNameRange     '0.5.0',
27 silly addNameRange     '0.5.1',
27 silly addNameRange     '0.5.2',
27 silly addNameRange     '0.5.3',
27 silly addNameRange     '0.5.4',
27 silly addNameRange     '0.6.0-unstable.1',
27 silly addNameRange     '0.6.0',
27 silly addNameRange     '0.6.1',
27 silly addNameRange     '0.6.2-pre',
27 silly addNameRange     '0.6.2-pre2',
27 silly addNameRange     '0.6.2-pre3',
27 silly addNameRange     '1.0.0',
27 silly addNameRange     '1.0.1' ] ]
28 verbose addNamed dredd@1.0.1
29 silly addNamed semver.valid 1.0.1
30 silly addNamed semver.validRange 1.0.1
31 silly cache afterAdd dredd@1.0.1
32 verbose afterAdd /Users/Fai/.npm/dredd/1.0.1/package/package.json not in flight; writing
33 verbose afterAdd /Users/Fai/.npm/dredd/1.0.1/package/package.json written
34 silly install resolved [ { name: 'dredd',
34 silly install resolved     version: '1.0.1',
34 silly install resolved     description: 'API Blueprint testing tool',
34 silly install resolved     main: 'lib/dredd.js',
34 silly install resolved     bin: { dredd: 'bin/dredd' },
34 silly install resolved     scripts:
34 silly install resolved      { changelist: 'github-changes -o apiaryio -r dredd --only-pulls --use-commit-body --file CHANGELOG-Generated.md -a',
34 silly install resolved        pretest: 'coffeelint ./src',
34 silly install resolved        test: 'scripts/test',
34 silly install resolved        prepublish: 'scripts/prepublish' },
34 silly install resolved     repository:
34 silly install resolved      { type: 'git',
34 silly install resolved        url: 'git+https://github.com/apiaryio/dredd.git' },
34 silly install resolved     dependencies:
34 silly install resolved      { advisable: '~0.2.0',
34 silly install resolved        async: '^0.9.x',
34 silly install resolved        chai: '^2.1.0',
34 silly install resolved        clone: '^1.0.0',
34 silly install resolved        'coffee-script': '^1.9.1',
34 silly install resolved        drafter: '~0.2.5',
34 silly install resolved        file: '~0.2.2',
34 silly install resolved        gavel: '0.5.2',
34 silly install resolved        glob: '^5.0.3',
34 silly install resolved        html: '~0.0.7',
34 silly install resolved        htmlencode: '~0.0.4',
34 silly install resolved        inquirer: '^0.8.2',
34 silly install resolved        'js-yaml': '^3.2.7',
34 silly install resolved        'markdown-it': '^4.2.0',
34 silly install resolved        'node-uuid': '~1.4.2',
34 silly install resolved        optimist: '~0.6.1',
34 silly install resolved        'pitboss-ng': '^0.3.1',
34 silly install resolved        proxyquire: '~1.4.x',
34 silly install resolved        request: '^2.53.0',
34 silly install resolved        setimmediate: '^1.0.2',
34 silly install resolved        'spawn-sync': '^1.0.11',
34 silly install resolved        'uri-template': '~1.0.0',
34 silly install resolved        winston: '^1.0.0',
34 silly install resolved        'blueprint-transactions': '^0.0.2' },
34 silly install resolved     devDependencies:
34 silly install resolved      { 'body-parser': '^1.12.0',
34 silly install resolved        codo: '^2.0.11',
34 silly install resolved        'coffee-coverage': '^0.6.0',
34 silly install resolved        'coffee-errors': '~0.8.6',
34 silly install resolved        coffeelint: '^1.9.2',
34 silly install resolved        coveralls: '~2.11.2',
34 silly install resolved        express: '^4.12.1',
34 silly install resolved        'github-changes': '^1.0.0',
34 silly install resolved        jscoverage: '~0.5.9',
34 silly install resolved        mocha: '^2.1.0',
34 silly install resolved        'mocha-lcov-reporter': '0.0.2',
34 silly install resolved        nock: '^2.2.0',
34 silly install resolved        sinon: '^1.12.2' },
34 silly install resolved     keywords:
34 silly install resolved      [ 'api',
34 silly install resolved        'test',
34 silly install resolved        'testing',
34 silly install resolved        'documenation',
34 silly install resolved        'integration',
34 silly install resolved        'acceptance' ],
34 silly install resolved     author: { name: 'Adam Kliment', email: 'adam@apiary.io' },
34 silly install resolved     contributors: [ [Object] ],
34 silly install resolved     license: 'MIT',
34 silly install resolved     gitHead: '32dc6f1fba29bd6a51f186c53c95a2e5ed3d010e',
34 silly install resolved     bugs: { url: 'https://github.com/apiaryio/dredd/issues' },
34 silly install resolved     homepage: 'https://github.com/apiaryio/dredd#readme',
34 silly install resolved     _id: 'dredd@1.0.1',
34 silly install resolved     _shasum: 'e252f5393ce27ff51658050db0e1ad95cad8e20d',
34 silly install resolved     _from: 'dredd@*',
34 silly install resolved     _npmVersion: '2.11.3',
34 silly install resolved     _nodeVersion: '0.12.7',
34 silly install resolved     _npmUser: { name: 'kubakubula', email: 'kubula@apiary.io' },
34 silly install resolved     dist:
34 silly install resolved      { shasum: 'e252f5393ce27ff51658050db0e1ad95cad8e20d',
34 silly install resolved        tarball: 'http://registry.npmjs.org/dredd/-/dredd-1.0.1.tgz' },
34 silly install resolved     maintainers:
34 silly install resolved      [ [Object],
34 silly install resolved        [Object],
34 silly install resolved        [Object],
34 silly install resolved        [Object],
34 silly install resolved        [Object],
34 silly install resolved        [Object],
34 silly install resolved        [Object] ],
34 silly install resolved     directories: {},
34 silly install resolved     _resolved: 'https://registry.npmjs.org/dredd/-/dredd-1.0.1.tgz',
34 silly install resolved     readme: 'ERROR: No README data found!' } ]
35 info install dredd@1.0.1 into /usr/local/lib
36 info installOne dredd@1.0.1
37 verbose installOne of dredd to /usr/local/lib not in flight; installing
38 verbose lock using /Users/Fai/.npm/_locks/dredd-56c93ca62453e488.lock for /usr/local/lib/node_modules/dredd
39 silly install write writing dredd 1.0.1 to /usr/local/lib/node_modules/dredd
40 silly cache addNamed cb dredd@1.0.1
41 verbose unbuild lib/node_modules/dredd
42 verbose gentlyRm vacuuming /usr/local/lib/node_modules/dredd
43 verbose tar unpack /Users/Fai/.npm/dredd/1.0.1/package.tgz
44 verbose tar unpacking to /usr/local/lib/node_modules/dredd
45 verbose gentlyRm vacuuming /usr/local/lib/node_modules/dredd
46 silly gunzTarPerm modes [ '755', '644' ]
47 error tar.unpack untar error /Users/Fai/.npm/dredd/1.0.1/package.tgz
48 verbose unlock done using /Users/Fai/.npm/_locks/dredd-56c93ca62453e488.lock for /usr/local/lib/node_modules/dredd
49 verbose fstream_path /usr/local/lib/node_modules/dredd
50 verbose fstream_type Directory
51 verbose fstream_class DirWriter
52 verbose stack Error: EACCES, mkdir '/usr/local/lib/node_modules/dredd'
52 verbose stack     at Error (native)
53 verbose fstream_stack /usr/local/lib/node_modules/npm/node_modules/fstream/lib/dir-writer.js:36:23
53 verbose fstream_stack /usr/local/lib/node_modules/npm/node_modules/mkdirp/index.js:46:53
53 verbose fstream_stack FSReqWrap.oncomplete (fs.js:99:15)
54 verbose cwd /Users/Fai/Desktop/deployment/reality_royale/rr_api
55 error Darwin 14.5.0
56 error argv "node" "/usr/local/bin/npm" "install" "-g" "dredd"
57 error node v0.12.0
58 error npm  v2.6.1
59 error path /usr/local/lib/node_modules/dredd
60 error code EACCES
61 error errno -13
62 error Error: EACCES, mkdir '/usr/local/lib/node_modules/dredd'
62 error     at Error (native)
62 error  { [Error: EACCES, mkdir '/usr/local/lib/node_modules/dredd']
62 error   errno: -13,
62 error   code: 'EACCES',
62 error   path: '/usr/local/lib/node_modules/dredd',
62 error   fstream_type: 'Directory',
62 error   fstream_path: '/usr/local/lib/node_modules/dredd',
62 error   fstream_class: 'DirWriter',
62 error   fstream_stack:
62 error    [ '/usr/local/lib/node_modules/npm/node_modules/fstream/lib/dir-writer.js:36:23',
62 error      '/usr/local/lib/node_modules/npm/node_modules/mkdirp/index.js:46:53',
62 error      'FSReqWrap.oncomplete (fs.js:99:15)' ] }
63 error Please try running this command again as root/Administrator.
64 verbose exit [ -13, true ]
65 verbose unbuild lib/node_modules/dredd
66 verbose gentlyRm vacuuming /usr/local/lib/node_modules/dredd
